<?xml version="1.0" encoding="UTF-8"?>
<!-- Generated by org.testng.reporters.JUnitReportReporter -->
<testsuite hostname="Chitra" failures="0" tests="1" name="APITests.APITestCases" time="3.046" errors="0" timestamp="2023-03-13T20:48:29 CDT" skipped="0">
  <testcase classname="APITests.APITestCases" name="TestCase1" time="3.046"/>
  <system-out/>
</testsuite> <!-- APITests.APITestCases -->
